Build started 6/2/2016 12:58:18 AM.
     1>Project "C:\Users\iPhantomiKX\NYP\Yr 1 Sem 2\DM2122 Computer Graphics\Comg2\ComG\ComG.vcxproj" on node 2 (Build target(s)).
     1>ClCompile:
         C:\Program Files (x86)\Microsoft Visual Studio 12.0\VC\bin\CL.exe /c /I"C:\Users\iPhantomiKX\NYP\Yr 1 Sem 2\DM2122 Computer Graphics\Comg2\\glew\include" /I"C:\Users\iPhantomiKX\NYP\Yr 1 Sem 2\DM2122 Computer Graphics\Comg2\\glfw\include" /I"C:\Users\iPhantomiKX\NYP\Yr 1 Sem 2\DM2122 Computer Graphics\Comg2\\Common\Source" /Zi /nologo /W3 /WX- /O2 /Oi /Oy- /GL /D WIN32 /D NDEBUG /D _CONSOLE /D _LIB /D _UNICODE /D UNICODE /Gm- /EHsc /MD /GS /Gy /fp:precise /Zc:wchar_t /Zc:forScope /Fo"Release\\" /Fd"Release\vc120.pdb" /Gd /TP /analyze- /errorReport:prompt Source\Application.cpp Source\Assignment1.cpp Source\Assignment2.cpp Source\Assignment3.cpp Source\Camera.cpp Source\Camera2.cpp Source\Camera3.cpp Source\LoadOBJ.cpp Source\LoadTGA.cpp Source\main.cpp Source\Mesh.cpp Source\MeshBuilder.cpp Source\Scene1.cpp Source\Scene2.cpp Source\Scene3.cpp Source\Scene4.cpp Source\SceneLight.cpp Source\SceneLight2.cpp Source\SceneModel.cpp Source\SceneSkybox.cpp Source\SceneText.cpp Source\SceneTexture.cpp Source\shader.cpp Source\Utility.cpp
         Application.cpp
     1>c:\users\iphantomikx\nyp\yr 1 sem 2\dm2122 computer graphics\comg2\comg\source\Material.h(18): warning C4305: 'argument' : truncation from 'double' to 'float'
     1>c:\users\iphantomikx\nyp\yr 1 sem 2\dm2122 computer graphics\comg2\comg\source\Light.h(25): warning C4305: 'argument' : truncation from 'double' to 'float'
         Assignment1.cpp
     1>Source\Assignment1.cpp(138): warning C4244: '=' : conversion from 'int' to 'float', possible loss of data
     1>Source\Assignment1.cpp(139): warning C4244: '=' : conversion from 'int' to 'float', possible loss of data
     1>Source\Assignment1.cpp(165): warning C4244: '=' : conversion from 'int' to 'float', possible loss of data
     1>Source\Assignment1.cpp(226): warning C4305: 'argument' : truncation from 'double' to 'float'
         Assignment2.cpp
     1>c:\users\iphantomikx\nyp\yr 1 sem 2\dm2122 computer graphics\comg2\comg\source\Material.h(18): warning C4305: 'argument' : truncation from 'double' to 'float'
     1>c:\users\iphantomikx\nyp\yr 1 sem 2\dm2122 computer graphics\comg2\comg\source\Light.h(25): warning C4305: 'argument' : truncation from 'double' to 'float'
     1>Source\Assignment2.cpp(88): warning C4305: 'argument' : truncation from 'double' to 'float'
     1>Source\Assignment2.cpp(123): warning C4244: '=' : conversion from 'double' to 'float', possible loss of data
     1>Source\Assignment2.cpp(124): warning C4244: '=' : conversion from 'int' to 'float', possible loss of data
     1>Source\Assignment2.cpp(125): warning C4244: '=' : conversion from 'double' to 'float', possible loss of data
     1>Source\Assignment2.cpp(156): warning C4305: 'argument' : truncation from 'double' to 'float'
     1>Source\Assignment2.cpp(264): warning C4244: '=' : conversion from 'double' to 'float', possible loss of data
     1>Source\Assignment2.cpp(265): warning C4244: '=' : conversion from 'double' to 'float', possible loss of data
     1>Source\Assignment2.cpp(362): warning C4305: 'argument' : truncation from 'double' to 'float'
     1>Source\Assignment2.cpp(368): warning C4305: 'argument' : truncation from 'double' to 'float'
     1>Source\Assignment2.cpp(374): warning C4305: 'argument' : truncation from 'double' to 'float'
     1>Source\Assignment2.cpp(537): warning C4305: 'argument' : truncation from 'double' to 'float'
     1>Source\Assignment2.cpp(641): warning C4305: 'argument' : truncation from 'double' to 'float'
     1>Source\Assignment2.cpp(656): warning C4305: 'argument' : truncation from 'double' to 'float'
     1>Source\Assignment2.cpp(657): warning C4305: 'argument' : truncation from 'double' to 'float'
     1>Source\Assignment2.cpp(658): warning C4305: 'argument' : truncation from 'double' to 'float'
     1>Source\Assignment2.cpp(664): warning C4305: 'argument' : truncation from 'double' to 'float'
     1>Source\Assignment2.cpp(665): warning C4305: 'argument' : truncation from 'double' to 'float'
     1>Source\Assignment2.cpp(666): warning C4305: 'argument' : truncation from 'double' to 'float'
     1>Source\Assignment2.cpp(672): warning C4305: 'argument' : truncation from 'double' to 'float'
     1>Source\Assignment2.cpp(673): warning C4305: 'argument' : truncation from 'double' to 'float'
     1>Source\Assignment2.cpp(674): warning C4305: 'argument' : truncation from 'double' to 'float'
     1>Source\Assignment2.cpp(680): warning C4305: 'argument' : truncation from 'double' to 'float'
     1>Source\Assignment2.cpp(681): warning C4305: 'argument' : truncation from 'double' to 'float'
     1>Source\Assignment2.cpp(682): warning C4305: 'argument' : truncation from 'double' to 'float'
     1>Source\Assignment2.cpp(703): warning C4305: 'argument' : truncation from 'double' to 'float'
     1>Source\Assignment2.cpp(709): warning C4305: 'argument' : truncation from 'double' to 'float'
     1>Source\Assignment2.cpp(716): warning C4305: 'argument' : truncation from 'double' to 'float'
     1>Source\Assignment2.cpp(724): warning C4305: 'argument' : truncation from 'double' to 'float'
     1>Source\Assignment2.cpp(731): warning C4305: 'argument' : truncation from 'double' to 'float'
     1>Source\Assignment2.cpp(737): warning C4305: 'argument' : truncation from 'double' to 'float'
     1>Source\Assignment2.cpp(738): warning C4305: 'argument' : truncation from 'double' to 'float'
     1>Source\Assignment2.cpp(744): warning C4305: 'argument' : truncation from 'double' to 'float'
     1>Source\Assignment2.cpp(745): warning C4305: 'argument' : truncation from 'double' to 'float'
     1>Source\Assignment2.cpp(751): warning C4305: 'argument' : truncation from 'double' to 'float'
     1>Source\Assignment2.cpp(752): warning C4305: 'argument' : truncation from 'double' to 'float'
     1>Source\Assignment2.cpp(759): warning C4305: 'argument' : truncation from 'double' to 'float'
     1>Source\Assignment2.cpp(775): warning C4305: 'argument' : truncation from 'double' to 'float'
     1>Source\Assignment2.cpp(776): warning C4305: 'argument' : truncation from 'double' to 'float'
     1>Source\Assignment2.cpp(782): warning C4305: 'argument' : truncation from 'double' to 'float'
     1>Source\Assignment2.cpp(797): warning C4305: 'argument' : truncation from 'double' to 'float'
     1>Source\Assignment2.cpp(798): warning C4305: 'argument' : truncation from 'double' to 'float'
     1>Source\Assignment2.cpp(805): warning C4305: 'argument' : truncation from 'double' to 'float'
     1>Source\Assignment2.cpp(806): warning C4305: 'argument' : truncation from 'double' to 'float'
     1>Source\Assignment2.cpp(823): warning C4305: 'argument' : truncation from 'double' to 'float'
     1>Source\Assignment2.cpp(824): warning C4305: 'argument' : truncation from 'double' to 'float'
     1>Source\Assignment2.cpp(830): warning C4305: 'argument' : truncation from 'double' to 'float'
     1>Source\Assignment2.cpp(831): warning C4305: 'argument' : truncation from 'double' to 'float'
     1>Source\Assignment2.cpp(838): warning C4305: 'argument' : truncation from 'double' to 'float'
     1>Source\Assignment2.cpp(839): warning C4305: 'argument' : truncation from 'double' to 'float'
     1>Source\Assignment2.cpp(846): warning C4305: 'argument' : truncation from 'double' to 'float'
     1>Source\Assignment2.cpp(847): warning C4305: 'argument' : truncation from 'double' to 'float'
     1>Source\Assignment2.cpp(854): warning C4305: 'argument' : truncation from 'double' to 'float'
     1>Source\Assignment2.cpp(855): warning C4305: 'argument' : truncation from 'double' to 'float'
     1>Source\Assignment2.cpp(862): warning C4305: 'argument' : truncation from 'double' to 'float'
     1>Source\Assignment2.cpp(863): warning C4305: 'argument' : truncation from 'double' to 'float'
     1>Source\Assignment2.cpp(879): warning C4305: 'argument' : truncation from 'double' to 'float'
     1>Source\Assignment2.cpp(880): warning C4305: 'argument' : truncation from 'double' to 'float'
     1>Source\Assignment2.cpp(886): warning C4305: 'argument' : truncation from 'double' to 'float'
     1>Source\Assignment2.cpp(887): warning C4305: 'argument' : truncation from 'double' to 'float'
     1>Source\Assignment2.cpp(894): warning C4305: 'argument' : truncation from 'double' to 'float'
     1>Source\Assignment2.cpp(895): warning C4305: 'argument' : truncation from 'double' to 'float'
     1>Source\Assignment2.cpp(902): warning C4305: 'argument' : truncation from 'double' to 'float'
     1>Source\Assignment2.cpp(903): warning C4305: 'argument' : truncation from 'double' to 'float'
     1>Source\Assignment2.cpp(910): warning C4305: 'argument' : truncation from 'double' to 'float'
     1>Source\Assignment2.cpp(911): warning C4305: 'argument' : truncation from 'double' to 'float'
     1>Source\Assignment2.cpp(918): warning C4305: 'argument' : truncation from 'double' to 'float'
     1>Source\Assignment2.cpp(919): warning C4305: 'argument' : truncation from 'double' to 'float'
         Assignment3.cpp
     1>c:\users\iphantomikx\nyp\yr 1 sem 2\dm2122 computer graphics\comg2\comg\source\Material.h(18): warning C4305: 'argument' : truncation from 'double' to 'float'
     1>c:\users\iphantomikx\nyp\yr 1 sem 2\dm2122 computer graphics\comg2\comg\source\Light.h(25): warning C4305: 'argument' : truncation from 'double' to 'float'
     1>Source\Assignment3.cpp(149): warning C4244: '=' : conversion from 'int' to 'float', possible loss of data
     1>Source\Assignment3.cpp(150): warning C4244: '=' : conversion from 'int' to 'float', possible loss of data
     1>Source\Assignment3.cpp(151): warning C4244: '=' : conversion from 'int' to 'float', possible loss of data
     1>Source\Assignment3.cpp(175): warning C4244: 'argument' : conversion from 'int' to 'float', possible loss of data
     1>Source\Assignment3.cpp(394): warning C4244: '=' : conversion from 'double' to 'int', possible loss of data
     1>Source\Assignment3.cpp(402): warning C4244: '=' : conversion from 'int' to 'float', possible loss of data
     1>Source\Assignment3.cpp(403): warning C4244: '=' : conversion from 'int' to 'float', possible loss of data
     1>Source\Assignment3.cpp(667): warning C4244: 'argument' : conversion from 'int' to 'float', possible loss of data
         Camera.cpp
         Camera2.cpp
         Camera3.cpp
     1>Source\Camera3.cpp(25): warning C4244: 'argument' : conversion from 'int' to 'float', possible loss of data
     1>Source\Camera3.cpp(80): warning C4244: '+=' : conversion from 'double' to 'float', possible loss of data
     1>Source\Camera3.cpp(81): warning C4244: '+=' : conversion from 'double' to 'float', possible loss of data
     1>Source\Camera3.cpp(85): warning C4244: '+=' : conversion from 'double' to 'float', possible loss of data
     1>Source\Camera3.cpp(86): warning C4244: '+=' : conversion from 'double' to 'float', possible loss of data
     1>Source\Camera3.cpp(90): warning C4244: '+=' : conversion from 'double' to 'float', possible loss of data
     1>Source\Camera3.cpp(91): warning C4244: '+=' : conversion from 'double' to 'float', possible loss of data
     1>Source\Camera3.cpp(99): warning C4244: '-=' : conversion from 'double' to 'float', possible loss of data
     1>Source\Camera3.cpp(100): warning C4244: '-=' : conversion from 'double' to 'float', possible loss of data
     1>Source\Camera3.cpp(104): warning C4244: '-=' : conversion from 'double' to 'float', possible loss of data
     1>Source\Camera3.cpp(105): warning C4244: '-=' : conversion from 'double' to 'float', possible loss of data
     1>Source\Camera3.cpp(109): warning C4244: '-=' : conversion from 'double' to 'float', possible loss of data
     1>Source\Camera3.cpp(110): warning C4244: '-=' : conversion from 'double' to 'float', possible loss of data
     1>Source\Camera3.cpp(119): warning C4244: '+=' : conversion from 'double' to 'float', possible loss of data
     1>Source\Camera3.cpp(120): warning C4244: '+=' : conversion from 'double' to 'float', possible loss of data
     1>Source\Camera3.cpp(124): warning C4244: '+=' : conversion from 'double' to 'float', possible loss of data
     1>Source\Camera3.cpp(125): warning C4244: '+=' : conversion from 'double' to 'float', possible loss of data
     1>Source\Camera3.cpp(134): warning C4244: '-=' : conversion from 'double' to 'float', possible loss of data
     1>Source\Camera3.cpp(135): warning C4244: '-=' : conversion from 'double' to 'float', possible loss of data
     1>Source\Camera3.cpp(139): warning C4244: '-=' : conversion from 'double' to 'float', possible loss of data
     1>Source\Camera3.cpp(140): warning C4244: '-=' : conversion from 'double' to 'float', possible loss of data
         LoadOBJ.cpp
         LoadTGA.cpp
         main.cpp
         Mesh.cpp
     1>c:\users\iphantomikx\nyp\yr 1 sem 2\dm2122 computer graphics\comg2\comg\source\Material.h(18): warning C4305: 'argument' : truncation from 'double' to 'float'
         MeshBuilder.cpp
     1>c:\users\iphantomikx\nyp\yr 1 sem 2\dm2122 computer graphics\comg2\comg\source\Material.h(18): warning C4305: 'argument' : truncation from 'double' to 'float'
     1>Source\MeshBuilder.cpp(204): warning C4244: 'argument' : conversion from 'int' to 'float', possible loss of data
     1>Source\MeshBuilder.cpp(246): warning C4244: 'argument' : conversion from 'int' to 'float', possible loss of data
     1>Source\MeshBuilder.cpp(359): warning C4244: 'argument' : conversion from 'int' to 'float', possible loss of data
         Scene1.cpp
         Scene2.cpp
         Scene3.cpp
     1>c:\users\iphantomikx\nyp\yr 1 sem 2\dm2122 computer graphics\comg2\comg\source\Material.h(18): warning C4305: 'argument' : truncation from 'double' to 'float'
         Scene4.cpp
     1>c:\users\iphantomikx\nyp\yr 1 sem 2\dm2122 computer graphics\comg2\comg\source\Material.h(18): warning C4305: 'argument' : truncation from 'double' to 'float'
         SceneLight.cpp
     1>c:\users\iphantomikx\nyp\yr 1 sem 2\dm2122 computer graphics\comg2\comg\source\Material.h(18): warning C4305: 'argument' : truncation from 'double' to 'float'
     1>c:\users\iphantomikx\nyp\yr 1 sem 2\dm2122 computer graphics\comg2\comg\source\Light.h(25): warning C4305: 'argument' : truncation from 'double' to 'float'
         SceneLight2.cpp
     1>c:\users\iphantomikx\nyp\yr 1 sem 2\dm2122 computer graphics\comg2\comg\source\Material.h(18): warning C4305: 'argument' : truncation from 'double' to 'float'
     1>c:\users\iphantomikx\nyp\yr 1 sem 2\dm2122 computer graphics\comg2\comg\source\Light.h(25): warning C4305: 'argument' : truncation from 'double' to 'float'
     1>Source\SceneLight2.cpp(251): warning C4305: 'argument' : truncation from 'double' to 'float'
         SceneModel.cpp
     1>c:\users\iphantomikx\nyp\yr 1 sem 2\dm2122 computer graphics\comg2\comg\source\Material.h(18): warning C4305: 'argument' : truncation from 'double' to 'float'
     1>c:\users\iphantomikx\nyp\yr 1 sem 2\dm2122 computer graphics\comg2\comg\source\Light.h(25): warning C4305: 'argument' : truncation from 'double' to 'float'
         SceneSkybox.cpp
     1>c:\users\iphantomikx\nyp\yr 1 sem 2\dm2122 computer graphics\comg2\comg\source\Material.h(18): warning C4305: 'argument' : truncation from 'double' to 'float'
     1>c:\users\iphantomikx\nyp\yr 1 sem 2\dm2122 computer graphics\comg2\comg\source\Light.h(25): warning C4305: 'argument' : truncation from 'double' to 'float'
         Compiling...
         SceneText.cpp
     1>c:\users\iphantomikx\nyp\yr 1 sem 2\dm2122 computer graphics\comg2\comg\source\Material.h(18): warning C4305: 'argument' : truncation from 'double' to 'float'
     1>c:\users\iphantomikx\nyp\yr 1 sem 2\dm2122 computer graphics\comg2\comg\source\Light.h(25): warning C4305: 'argument' : truncation from 'double' to 'float'
     1>Source\SceneText.cpp(203): warning C4244: '=' : conversion from 'double' to 'int', possible loss of data
         SceneTexture.cpp
     1>c:\users\iphantomikx\nyp\yr 1 sem 2\dm2122 computer graphics\comg2\comg\source\Material.h(18): warning C4305: 'argument' : truncation from 'double' to 'float'
     1>c:\users\iphantomikx\nyp\yr 1 sem 2\dm2122 computer graphics\comg2\comg\source\Light.h(25): warning C4305: 'argument' : truncation from 'double' to 'float'
         shader.cpp
         Utility.cpp
       Link:
         C:\Program Files (x86)\Microsoft Visual Studio 12.0\VC\bin\link.exe /ERRORREPORT:PROMPT /OUT:"C:\Users\iPhantomiKX\NYP\Yr 1 Sem 2\DM2122 Computer Graphics\Comg2\Release\ComG.exe" /INCREMENTAL:NO /NOLOGO /LIBPATH:"C:\Users\iPhantomiKX\NYP\Yr 1 Sem 2\DM2122 Computer Graphics\Comg2\\glew\lib" /LIBPATH:"C:\Users\iPhantomiKX\NYP\Yr 1 Sem 2\DM2122 Computer Graphics\Comg2\\glfw\lib-msvc120" /LIBPATH:"C:\Users\iPhantomiKX\NYP\Yr 1 Sem 2\DM2122 Computer Graphics\Comg2\Release" glew32.lib glfw3.lib opengl32.lib winmm.lib Common.lib kernel32.lib user32.lib gdi32.lib winspool.lib comdlg32.lib advapi32.lib shell32.lib ole32.lib oleaut32.lib uuid.lib odbc32.lib odbccp32.lib /MANIFEST /MANIFESTUAC:"level='asInvoker' uiAccess='false'" /manifest:embed /DEBUG /PDB:"C:\Users\iPhantomiKX\NYP\Yr 1 Sem 2\DM2122 Computer Graphics\Comg2\Release\ComG.pdb" /SUBSYSTEM:CONSOLE /OPT:REF /OPT:ICF /LTCG /TLBID:1 /DYNAMICBASE /NXCOMPAT /IMPLIB:"C:\Users\iPhantomiKX\NYP\Yr 1 Sem 2\DM2122 Computer Graphics\Comg2\Release\ComG.lib" /MACHINE:X86 /SAFESEH Release\Application.obj
         Release\Assignment1.obj
         Release\Assignment2.obj
         Release\Assignment3.obj
         Release\Camera.obj
         Release\Camera2.obj
         Release\Camera3.obj
         Release\LoadOBJ.obj
         Release\LoadTGA.obj
         Release\main.obj
         Release\Mesh.obj
         Release\MeshBuilder.obj
         Release\Scene1.obj
         Release\Scene2.obj
         Release\Scene3.obj
         Release\Scene4.obj
         Release\SceneLight.obj
         Release\SceneLight2.obj
         Release\SceneModel.obj
         Release\SceneSkybox.obj
         Release\SceneText.obj
         Release\SceneTexture.obj
         Release\shader.obj
         Release\Utility.obj
         Generating code
         Finished generating code
         ComG.vcxproj -> C:\Users\iPhantomiKX\NYP\Yr 1 Sem 2\DM2122 Computer Graphics\Comg2\Release\ComG.exe
     1>Done Building Project "C:\Users\iPhantomiKX\NYP\Yr 1 Sem 2\DM2122 Computer Graphics\Comg2\ComG\ComG.vcxproj" (Build target(s)).

Build succeeded.

Time Elapsed 00:00:12.83
